<?xml version="1.0" encoding="UTF-8"?>
<!-- Generated by org.testng.reporters.JUnitReportReporter -->
<testsuite hostname="DESKTOP-E1RIMAM" name="yemian.logins1" tests="1" failures="0" timestamp="25 Mar 2019 03:05:43 GMT" time="14.130" errors="0">
  <testcase name="caozuo" time="14.130" classname="yemian.logins1"/>
</testsuite> <!-- yemian.logins1 -->
